#-----------------------------------------------------------
# Vivado v2018.2 (64-bit)
# SW Build 2258646 on Thu Jun 14 20:03:12 MDT 2018
# IP Build 2256618 on Thu Jun 14 22:10:49 MDT 2018
# Start of session at: Sun Apr 14 16:39:07 2024
# Process ID: 17276
# Current directory: D:/Major_Project/ip_cores/imageProcessing
# Command line: vivado.exe -gui_launcher_event rodinguilauncherevent2228 D:\Major_Project\ip_cores\imageProcessing\imageProcessing.xpr
# Log file: D:/Major_Project/ip_cores/imageProcessing/vivado.log
# Journal file: D:/Major_Project/ip_cores/imageProcessing\vivado.jou
#-----------------------------------------------------------
start_gui
open_project D:/Major_Project/ip_cores/imageProcessing/imageProcessing.xpr
Scanning sources...
Finished scanning sources
WARNING: [filemgmt 56-3] IP Repository Path: Could not find the directory 'D:/Major_Project/vivadoproject/imageprocessing'.
INFO: [IP_Flow 19-234] Refreshing IP repositories
WARNING: [IP_Flow 19-2248] Failed to load user IP repository 'd:/Major_Project/vivadoproject/imageprocessing'; Can't find the specified path.
If this directory should no longer be in your list of user repositories, go to the IP Settings dialog and remove it.
INFO: [IP_Flow 19-2313] Loaded Vivado IP repository 'C:/Xilinx/Vivado/2018.2/data/ip'.
update_compile_order -fileset sources_1
ipx::open_ipxact_file D:/Major_Project/ip_cores/imageProcessing/component.xml
WARNING: [IP_Flow 19-5226] Project source file 'd:/Major_Project/ip_cores/imageProcessing/component.xml' ignored by IP packager.
WARNING: [IP_Flow 19-3898] File Group 'xilinx_anylanguagesynthesis (Synthesis)': File 'd:/Major_Project/ip_cores/imageProcessing/imageProcessing.srcs/sources_1/ip/outputBuffer/outputBuffer.xci' is not found in the project sources. It will be removed from the packaged IP when the sources are merged. If still required, please add this file to the project and re-package.
WARNING: [IP_Flow 19-3898] File Group 'xilinx_anylanguagebehavioralsimulation (Simulation)': File 'd:/Major_Project/ip_cores/imageProcessing/imageProcessing.srcs/sources_1/ip/outputBuffer/outputBuffer.xci' is not found in the project sources. It will be removed from the packaged IP when the sources are merged. If still required, please add this file to the project and re-package.
ipx::merge_project_changes ports [ipx::current_core]
WARNING: [IP_Flow 19-5226] Project source file 'd:/Major_Project/ip_cores/imageProcessing/component.xml' ignored by IP packager.
INFO: [IP_Flow 7-560]  
set_property core_revision 4 [ipx::current_core]
ipx::create_xgui_files [ipx::current_core]
ipx::update_checksums [ipx::current_core]
ipx::save_core [ipx::current_core]
set_property  ip_repo_paths  {d:/Major_Project/ip_cores/imageProcessing d:/Major_Project/vivadoproject/imageprocessing} [current_project]
update_ip_catalog
INFO: [IP_Flow 19-234] Refreshing IP repositories
INFO: [IP_Flow 19-1700] Loaded user IP repository 'd:/Major_Project/ip_cores/imageProcessing'.
WARNING: [IP_Flow 19-2248] Failed to load user IP repository 'd:/Major_Project/vivadoproject/imageprocessing'; Can't find the specified path.
If this directory should no longer be in your list of user repositories, go to the IP Settings dialog and remove it.
exit
INFO: [Common 17-206] Exiting Vivado at Sun Apr 14 17:09:54 2024...
