#-----------------------------------------------------------
# Vivado v2018.2 (64-bit)
# SW Build 2258646 on Thu Jun 14 20:03:12 MDT 2018
# IP Build 2256618 on Thu Jun 14 22:10:49 MDT 2018
# Start of session at: Sun Apr 14 13:50:42 2024
# Process ID: 13864
# Current directory: C:/Users/sampa/OneDrive/Desktop/SpatialFilter-master/ip
# Command line: vivado.exe -gui_launcher_event rodinguilauncherevent10640 C:\Users\sampa\OneDrive\Desktop\SpatialFilter-master\ip\imageProcessing.xpr
# Log file: C:/Users/sampa/OneDrive/Desktop/SpatialFilter-master/ip/vivado.log
# Journal file: C:/Users/sampa/OneDrive/Desktop/SpatialFilter-master/ip\vivado.jou
#-----------------------------------------------------------
start_gui
open_project C:/Users/sampa/OneDrive/Desktop/SpatialFilter-master/ip/imageProcessing.xpr
INFO: [Project 1-313] Project file moved from 'C:/Users/VIPIN/Desktop/SpatialFilter-master/SpatialFilter-master/ip' since last save.
Scanning sources...
Finished scanning sources
WARNING: [filemgmt 56-2] IP Repository Path: Could not find the directory 'C:/Users/sampa/OneDrive/Desktop/vivadoproject/imageprocessing', nor could it be found using path 'C:/Users/VIPIN/Desktop/SpatialFilter-master/vivadoproject/imageprocessing'.
WARNING: [filemgmt 56-3] IP Output Repository Path: Could not find the directory 'D:/VivadoProject/ip_repo/imageProcessing/imageProcessing.cache/ip'.
WARNING: [filemgmt 56-3] IPUserFilesDir: Could not find the directory 'D:/VivadoProject/ip_repo/imageProcessing/imageProcessing.ip_user_files'.
INFO: [IP_Flow 19-234] Refreshing IP repositories
WARNING: [IP_Flow 19-2248] Failed to load user IP repository 'c:/Users/sampa/OneDrive/Desktop/vivadoproject/imageprocessing'; Can't find the specified path.
If this directory should no longer be in your list of user repositories, go to the IP Settings dialog and remove it.
INFO: [IP_Flow 19-2313] Loaded Vivado IP repository 'C:/Xilinx/Vivado/2018.2/data/ip'.
WARNING: [IP_Flow 19-3664] IP 'outputBuffer' generated file not found 'c:/Users/sampa/OneDrive/Desktop/SpatialFilter-master/ip/imageProcessing.srcs/sources_1/ip/outputBuffer/outputBuffer.vho'. Please regenerate to continue.
WARNING: [IP_Flow 19-3664] IP 'outputBuffer' generated file not found 'c:/Users/sampa/OneDrive/Desktop/SpatialFilter-master/ip/imageProcessing.srcs/sources_1/ip/outputBuffer/outputBuffer.veo'. Please regenerate to continue.
WARNING: [IP_Flow 19-3664] IP 'outputBuffer' generated file not found 'c:/Users/sampa/OneDrive/Desktop/SpatialFilter-master/ip/imageProcessing.srcs/sources_1/ip/outputBuffer/hdl/blk_mem_gen_v8_4_vhsyn_rfs.vhd'. Please regenerate to continue.
WARNING: [IP_Flow 19-3664] IP 'outputBuffer' generated file not found 'c:/Users/sampa/OneDrive/Desktop/SpatialFilter-master/ip/imageProcessing.srcs/sources_1/ip/outputBuffer/hdl/fifo_generator_v13_2_vhsyn_rfs.vhd'. Please regenerate to continue.
WARNING: [IP_Flow 19-3664] IP 'outputBuffer' generated file not found 'c:/Users/sampa/OneDrive/Desktop/SpatialFilter-master/ip/imageProcessing.srcs/sources_1/ip/outputBuffer/outputBuffer_ooc.xdc'. Please regenerate to continue.
WARNING: [IP_Flow 19-3664] IP 'outputBuffer' generated file not found 'c:/Users/sampa/OneDrive/Desktop/SpatialFilter-master/ip/imageProcessing.srcs/sources_1/ip/outputBuffer/synth/outputBuffer.vhd'. Please regenerate to continue.
WARNING: [IP_Flow 19-3664] IP 'outputBuffer' generated file not found 'c:/Users/sampa/OneDrive/Desktop/SpatialFilter-master/ip/imageProcessing.srcs/sources_1/ip/outputBuffer/simulation/fifo_generator_vlog_beh.v'. Please regenerate to continue.
WARNING: [IP_Flow 19-3664] IP 'outputBuffer' generated file not found 'c:/Users/sampa/OneDrive/Desktop/SpatialFilter-master/ip/imageProcessing.srcs/sources_1/ip/outputBuffer/hdl/fifo_generator_v13_2_rfs.vhd'. Please regenerate to continue.
WARNING: [IP_Flow 19-3664] IP 'outputBuffer' generated file not found 'c:/Users/sampa/OneDrive/Desktop/SpatialFilter-master/ip/imageProcessing.srcs/sources_1/ip/outputBuffer/hdl/fifo_generator_v13_2_rfs.v'. Please regenerate to continue.
WARNING: [IP_Flow 19-3664] IP 'outputBuffer' generated file not found 'c:/Users/sampa/OneDrive/Desktop/SpatialFilter-master/ip/imageProcessing.srcs/sources_1/ip/outputBuffer/sim/outputBuffer.v'. Please regenerate to continue.
WARNING: [IP_Flow 19-3664] IP 'outputBuffer' generated file not found 'c:/Users/sampa/OneDrive/Desktop/SpatialFilter-master/ip/imageProcessing.srcs/sources_1/ip/outputBuffer/doc/fifo_generator_v13_2_changelog.txt'. Please regenerate to continue.
WARNING: [IP_Flow 19-3664] IP 'outputBuffer' generated file not found 'c:/Users/sampa/OneDrive/Desktop/SpatialFilter-master/ip/imageProcessing.srcs/sources_1/ip/outputBuffer/outputBuffer.dcp'. Please regenerate to continue.
WARNING: [IP_Flow 19-3664] IP 'outputBuffer' generated file not found 'c:/Users/sampa/OneDrive/Desktop/SpatialFilter-master/ip/imageProcessing.srcs/sources_1/ip/outputBuffer/outputBuffer_stub.v'. Please regenerate to continue.
WARNING: [IP_Flow 19-3664] IP 'outputBuffer' generated file not found 'c:/Users/sampa/OneDrive/Desktop/SpatialFilter-master/ip/imageProcessing.srcs/sources_1/ip/outputBuffer/outputBuffer_stub.vhdl'. Please regenerate to continue.
WARNING: [IP_Flow 19-3664] IP 'outputBuffer' generated file not found 'c:/Users/sampa/OneDrive/Desktop/SpatialFilter-master/ip/imageProcessing.srcs/sources_1/ip/outputBuffer/outputBuffer_sim_netlist.v'. Please regenerate to continue.
WARNING: [IP_Flow 19-3664] IP 'outputBuffer' generated file not found 'c:/Users/sampa/OneDrive/Desktop/SpatialFilter-master/ip/imageProcessing.srcs/sources_1/ip/outputBuffer/outputBuffer_sim_netlist.vhdl'. Please regenerate to continue.
WARNING: [IP_Flow 19-2162] IP 'outputBuffer' is locked:
* IP definition 'FIFO Generator (13.2)' for IP 'outputBuffer' (customized with software release 2017.4) has a different revision in the IP Catalog.
Please select 'Report IP Status' from the 'Tools/Report' menu or run Tcl command 'report_ip_status' for more information.
INFO: [Project 1-230] Project 'imageProcessing.xpr' upgraded for this version of Vivado.
update_compile_order -fileset sources_1
