02:25:52 INFO  : Registering command handlers for SDK TCF services
02:25:53 INFO  : Launching XSCT server: xsct.bat -interactive D:\Major_Project\Major_Final\MLP_oled\MLP_oled.sdk\temp_xsdb_launch_script.tcl
02:25:55 INFO  : XSCT server has started successfully.
02:25:55 INFO  : Successfully done setting XSCT server connection channel  
02:25:55 INFO  : Successfully done setting SDK workspace  
02:25:55 INFO  : Processing command line option -hwspec D:/Major_Project/Major_Final/MLP_oled/MLP_oled.sdk/design_1_wrapper.hdf.
02:32:47 INFO  : Connected to target on host '127.0.0.1' and port '3121'.
02:32:47 INFO  : 'targets -set -filter {jtag_cable_name =~ "Digilent Zed 210248AC8AA6" && level==0} -index 1' command is executed.
02:32:50 INFO  : FPGA configured successfully with bitstream "D:/Major_Project/Major_Final/MLP_oled/MLP_oled.sdk/design_1_wrapper_hw_platform_0/design_1_wrapper.bit"
02:33:21 INFO  : 'targets -set -filter {jtag_cable_name =~ "Digilent Zed 210248AC8AA6" && level==0} -index 1' command is executed.
02:33:21 INFO  : 'fpga -state' command is executed.
02:33:21 INFO  : Connected to target on host '127.0.0.1' and port '3121'.
02:33:21 INFO  : Jtag cable 'Digilent Zed 210248AC8AA6' is selected.
02:33:21 INFO  : 'jtag frequency' command is executed.
02:33:21 INFO  : Sourcing of 'D:/Major_Project/Major_Final/MLP_oled/MLP_oled.sdk/design_1_wrapper_hw_platform_0/ps7_init.tcl' is done.
02:33:21 INFO  : Context for 'APU' is selected.
02:33:21 INFO  : Hardware design information is loaded from 'D:/Major_Project/Major_Final/MLP_oled/MLP_oled.sdk/design_1_wrapper_hw_platform_0/system.hdf'.
02:33:21 INFO  : 'configparams force-mem-access 1' command is executed.
02:33:21 INFO  : Context for 'APU' is selected.
02:33:21 INFO  : 'stop' command is executed.
02:33:21 INFO  : 'ps7_init' command is executed.
02:33:21 INFO  : 'ps7_post_config' command is executed.
02:33:22 INFO  : Context for processor 'ps7_cortexa9_0' is selected.
02:33:22 INFO  : Processor reset is completed for 'ps7_cortexa9_0'.
02:33:22 INFO  : Context for processor 'ps7_cortexa9_0' is selected.
02:33:22 INFO  : The application 'D:/Major_Project/Major_Final/MLP_oled/MLP_oled.sdk/nnTest/Debug/nnTest.elf' is downloaded to processor 'ps7_cortexa9_0'.
02:33:22 INFO  : 'configparams force-mem-access 0' command is executed.
02:33:22 INFO  : ----------------XSDB Script----------------
connect -url tcp:127.0.0.1:3121
source D:/Major_Project/Major_Final/MLP_oled/MLP_oled.sdk/design_1_wrapper_hw_platform_0/ps7_init.tcl
targets -set -nocase -filter {name =~"APU*" && jtag_cable_name =~ "Digilent Zed 210248AC8AA6"} -index 0
loadhw -hw D:/Major_Project/Major_Final/MLP_oled/MLP_oled.sdk/design_1_wrapper_hw_platform_0/system.hdf -mem-ranges [list {0x40000000 0xbfffffff}]
configparams force-mem-access 1
targets -set -nocase -filter {name =~"APU*" && jtag_cable_name =~ "Digilent Zed 210248AC8AA6"} -index 0
stop
ps7_init
ps7_post_config
targets -set -nocase -filter {name =~ "ARM*#0" && jtag_cable_name =~ "Digilent Zed 210248AC8AA6"} -index 0
rst -processor
targets -set -nocase -filter {name =~ "ARM*#0" && jtag_cable_name =~ "Digilent Zed 210248AC8AA6"} -index 0
dow D:/Major_Project/Major_Final/MLP_oled/MLP_oled.sdk/nnTest/Debug/nnTest.elf
configparams force-mem-access 0
----------------End of Script----------------

02:33:22 INFO  : Memory regions updated for context APU
02:33:22 INFO  : Context for processor 'ps7_cortexa9_0' is selected.
02:33:22 INFO  : 'con' command is executed.
02:33:22 INFO  : ----------------XSDB Script (After Launch)----------------
targets -set -nocase -filter {name =~ "ARM*#0" && jtag_cable_name =~ "Digilent Zed 210248AC8AA6"} -index 0
con
----------------End of Script----------------

02:33:22 INFO  : Launch script is exported to file 'D:\Major_Project\Major_Final\MLP_oled\MLP_oled.sdk\.sdk\launch_scripts\xilinx_c-c++_application_(system_debugger)\system_debugger_on_local.tcl'
02:34:42 INFO  : Disconnected from the channel tcfchan#1.
02:34:43 INFO  : Connected to target on host '127.0.0.1' and port '3121'.
02:34:43 INFO  : Jtag cable 'Digilent Zed 210248AC8AA6' is selected.
02:34:43 INFO  : 'jtag frequency' command is executed.
02:34:43 INFO  : Sourcing of 'D:/Major_Project/Major_Final/MLP_oled/MLP_oled.sdk/design_1_wrapper_hw_platform_0/ps7_init.tcl' is done.
02:34:43 INFO  : 'targets -set -filter {jtag_cable_name =~ "Digilent Zed 210248AC8AA6" && level==0} -index 1' command is executed.
02:34:46 INFO  : FPGA configured successfully with bitstream "D:/Major_Project/Major_Final/MLP_oled/MLP_oled.sdk/design_1_wrapper_hw_platform_0/design_1_wrapper.bit"
02:34:46 INFO  : Context for 'APU' is selected.
02:34:47 INFO  : Hardware design information is loaded from 'D:/Major_Project/Major_Final/MLP_oled/MLP_oled.sdk/design_1_wrapper_hw_platform_0/system.hdf'.
02:34:47 INFO  : 'configparams force-mem-access 1' command is executed.
02:34:47 INFO  : Context for 'APU' is selected.
02:34:48 INFO  : 'stop' command is executed.
02:34:48 INFO  : 'ps7_init' command is executed.
02:34:48 INFO  : 'ps7_post_config' command is executed.
02:34:48 INFO  : Context for processor 'ps7_cortexa9_0' is selected.
02:34:48 INFO  : Processor reset is completed for 'ps7_cortexa9_0'.
02:34:48 INFO  : Context for processor 'ps7_cortexa9_0' is selected.
02:34:48 INFO  : The application 'D:/Major_Project/Major_Final/MLP_oled/MLP_oled.sdk/nnTest/Debug/nnTest.elf' is downloaded to processor 'ps7_cortexa9_0'.
02:34:48 INFO  : 'configparams force-mem-access 0' command is executed.
02:34:48 INFO  : ----------------XSDB Script----------------
connect -url tcp:127.0.0.1:3121
source D:/Major_Project/Major_Final/MLP_oled/MLP_oled.sdk/design_1_wrapper_hw_platform_0/ps7_init.tcl
targets -set -filter {jtag_cable_name =~ "Digilent Zed 210248AC8AA6" && level==0} -index 1
fpga -file D:/Major_Project/Major_Final/MLP_oled/MLP_oled.sdk/design_1_wrapper_hw_platform_0/design_1_wrapper.bit
targets -set -nocase -filter {name =~"APU*" && jtag_cable_name =~ "Digilent Zed 210248AC8AA6"} -index 0
loadhw -hw D:/Major_Project/Major_Final/MLP_oled/MLP_oled.sdk/design_1_wrapper_hw_platform_0/system.hdf -mem-ranges [list {0x40000000 0xbfffffff}]
configparams force-mem-access 1
targets -set -nocase -filter {name =~"APU*" && jtag_cable_name =~ "Digilent Zed 210248AC8AA6"} -index 0
stop
ps7_init
ps7_post_config
targets -set -nocase -filter {name =~ "ARM*#0" && jtag_cable_name =~ "Digilent Zed 210248AC8AA6"} -index 0
rst -processor
targets -set -nocase -filter {name =~ "ARM*#0" && jtag_cable_name =~ "Digilent Zed 210248AC8AA6"} -index 0
dow D:/Major_Project/Major_Final/MLP_oled/MLP_oled.sdk/nnTest/Debug/nnTest.elf
configparams force-mem-access 0
----------------End of Script----------------

02:34:48 INFO  : Memory regions updated for context APU
02:34:48 INFO  : Context for processor 'ps7_cortexa9_0' is selected.
02:34:48 INFO  : 'con' command is executed.
02:34:48 INFO  : ----------------XSDB Script (After Launch)----------------
targets -set -nocase -filter {name =~ "ARM*#0" && jtag_cable_name =~ "Digilent Zed 210248AC8AA6"} -index 0
con
----------------End of Script----------------

02:34:48 INFO  : Launch script is exported to file 'D:\Major_Project\Major_Final\MLP_oled\MLP_oled.sdk\.sdk\launch_scripts\xilinx_c-c++_application_(system_debugger)\system_debugger_on_local.tcl'
02:35:47 INFO  : Disconnected from the channel tcfchan#2.
02:35:48 INFO  : Connected to target on host '127.0.0.1' and port '3121'.
02:35:48 INFO  : Jtag cable 'Digilent Zed 210248AC8AA6' is selected.
02:35:48 INFO  : 'jtag frequency' command is executed.
02:35:48 INFO  : Sourcing of 'D:/Major_Project/Major_Final/MLP_oled/MLP_oled.sdk/design_1_wrapper_hw_platform_0/ps7_init.tcl' is done.
02:35:48 INFO  : 'targets -set -filter {jtag_cable_name =~ "Digilent Zed 210248AC8AA6" && level==0} -index 1' command is executed.
02:35:51 INFO  : FPGA configured successfully with bitstream "D:/Major_Project/Major_Final/MLP_oled/MLP_oled.sdk/design_1_wrapper_hw_platform_0/design_1_wrapper.bit"
02:35:51 INFO  : Context for 'APU' is selected.
02:35:53 INFO  : Hardware design information is loaded from 'D:/Major_Project/Major_Final/MLP_oled/MLP_oled.sdk/design_1_wrapper_hw_platform_0/system.hdf'.
02:35:53 INFO  : 'configparams force-mem-access 1' command is executed.
02:35:53 INFO  : Context for 'APU' is selected.
02:35:53 INFO  : 'stop' command is executed.
02:35:53 INFO  : 'ps7_init' command is executed.
02:35:53 INFO  : 'ps7_post_config' command is executed.
02:35:53 INFO  : Context for processor 'ps7_cortexa9_0' is selected.
02:35:53 INFO  : Processor reset is completed for 'ps7_cortexa9_0'.
02:35:53 INFO  : Context for processor 'ps7_cortexa9_0' is selected.
02:35:53 INFO  : The application 'D:/Major_Project/Major_Final/MLP_oled/MLP_oled.sdk/nnTest/Debug/nnTest.elf' is downloaded to processor 'ps7_cortexa9_0'.
02:35:53 INFO  : 'configparams force-mem-access 0' command is executed.
02:35:53 INFO  : ----------------XSDB Script----------------
connect -url tcp:127.0.0.1:3121
source D:/Major_Project/Major_Final/MLP_oled/MLP_oled.sdk/design_1_wrapper_hw_platform_0/ps7_init.tcl
targets -set -filter {jtag_cable_name =~ "Digilent Zed 210248AC8AA6" && level==0} -index 1
fpga -file D:/Major_Project/Major_Final/MLP_oled/MLP_oled.sdk/design_1_wrapper_hw_platform_0/design_1_wrapper.bit
targets -set -nocase -filter {name =~"APU*" && jtag_cable_name =~ "Digilent Zed 210248AC8AA6"} -index 0
loadhw -hw D:/Major_Project/Major_Final/MLP_oled/MLP_oled.sdk/design_1_wrapper_hw_platform_0/system.hdf -mem-ranges [list {0x40000000 0xbfffffff}]
configparams force-mem-access 1
targets -set -nocase -filter {name =~"APU*" && jtag_cable_name =~ "Digilent Zed 210248AC8AA6"} -index 0
stop
ps7_init
ps7_post_config
targets -set -nocase -filter {name =~ "ARM*#0" && jtag_cable_name =~ "Digilent Zed 210248AC8AA6"} -index 0
rst -processor
targets -set -nocase -filter {name =~ "ARM*#0" && jtag_cable_name =~ "Digilent Zed 210248AC8AA6"} -index 0
dow D:/Major_Project/Major_Final/MLP_oled/MLP_oled.sdk/nnTest/Debug/nnTest.elf
configparams force-mem-access 0
----------------End of Script----------------

02:35:54 INFO  : Memory regions updated for context APU
02:35:54 INFO  : Context for processor 'ps7_cortexa9_0' is selected.
02:35:54 INFO  : 'con' command is executed.
02:35:54 INFO  : ----------------XSDB Script (After Launch)----------------
targets -set -nocase -filter {name =~ "ARM*#0" && jtag_cable_name =~ "Digilent Zed 210248AC8AA6"} -index 0
con
----------------End of Script----------------

02:35:54 INFO  : Launch script is exported to file 'D:\Major_Project\Major_Final\MLP_oled\MLP_oled.sdk\.sdk\launch_scripts\xilinx_c-c++_application_(system_debugger)\system_debugger_on_local.tcl'
02:37:20 INFO  : Disconnected from the channel tcfchan#3.
02:37:21 INFO  : Connected to target on host '127.0.0.1' and port '3121'.
02:37:21 INFO  : Jtag cable 'Digilent Zed 210248AC8AA6' is selected.
02:37:21 INFO  : 'jtag frequency' command is executed.
02:37:21 INFO  : Sourcing of 'D:/Major_Project/Major_Final/MLP_oled/MLP_oled.sdk/design_1_wrapper_hw_platform_0/ps7_init.tcl' is done.
02:37:21 INFO  : 'targets -set -filter {jtag_cable_name =~ "Digilent Zed 210248AC8AA6" && level==0} -index 1' command is executed.
02:37:24 INFO  : FPGA configured successfully with bitstream "D:/Major_Project/Major_Final/MLP_oled/MLP_oled.sdk/design_1_wrapper_hw_platform_0/design_1_wrapper.bit"
02:37:24 INFO  : Context for 'APU' is selected.
02:37:26 INFO  : Hardware design information is loaded from 'D:/Major_Project/Major_Final/MLP_oled/MLP_oled.sdk/design_1_wrapper_hw_platform_0/system.hdf'.
02:37:26 INFO  : 'configparams force-mem-access 1' command is executed.
02:37:26 INFO  : Context for 'APU' is selected.
02:37:26 INFO  : 'stop' command is executed.
02:37:26 INFO  : 'ps7_init' command is executed.
02:37:26 INFO  : 'ps7_post_config' command is executed.
02:37:26 INFO  : Context for processor 'ps7_cortexa9_0' is selected.
02:37:26 INFO  : Processor reset is completed for 'ps7_cortexa9_0'.
02:37:26 INFO  : Context for processor 'ps7_cortexa9_0' is selected.
02:37:26 INFO  : The application 'D:/Major_Project/Major_Final/MLP_oled/MLP_oled.sdk/nnTest/Debug/nnTest.elf' is downloaded to processor 'ps7_cortexa9_0'.
02:37:26 INFO  : 'configparams force-mem-access 0' command is executed.
02:37:26 INFO  : ----------------XSDB Script----------------
connect -url tcp:127.0.0.1:3121
source D:/Major_Project/Major_Final/MLP_oled/MLP_oled.sdk/design_1_wrapper_hw_platform_0/ps7_init.tcl
targets -set -filter {jtag_cable_name =~ "Digilent Zed 210248AC8AA6" && level==0} -index 1
fpga -file D:/Major_Project/Major_Final/MLP_oled/MLP_oled.sdk/design_1_wrapper_hw_platform_0/design_1_wrapper.bit
targets -set -nocase -filter {name =~"APU*" && jtag_cable_name =~ "Digilent Zed 210248AC8AA6"} -index 0
loadhw -hw D:/Major_Project/Major_Final/MLP_oled/MLP_oled.sdk/design_1_wrapper_hw_platform_0/system.hdf -mem-ranges [list {0x40000000 0xbfffffff}]
configparams force-mem-access 1
targets -set -nocase -filter {name =~"APU*" && jtag_cable_name =~ "Digilent Zed 210248AC8AA6"} -index 0
stop
ps7_init
ps7_post_config
targets -set -nocase -filter {name =~ "ARM*#0" && jtag_cable_name =~ "Digilent Zed 210248AC8AA6"} -index 0
rst -processor
targets -set -nocase -filter {name =~ "ARM*#0" && jtag_cable_name =~ "Digilent Zed 210248AC8AA6"} -index 0
dow D:/Major_Project/Major_Final/MLP_oled/MLP_oled.sdk/nnTest/Debug/nnTest.elf
configparams force-mem-access 0
----------------End of Script----------------

02:37:26 INFO  : Memory regions updated for context APU
02:37:27 INFO  : Context for processor 'ps7_cortexa9_0' is selected.
02:37:27 INFO  : 'con' command is executed.
02:37:27 INFO  : ----------------XSDB Script (After Launch)----------------
targets -set -nocase -filter {name =~ "ARM*#0" && jtag_cable_name =~ "Digilent Zed 210248AC8AA6"} -index 0
con
----------------End of Script----------------

02:37:27 INFO  : Launch script is exported to file 'D:\Major_Project\Major_Final\MLP_oled\MLP_oled.sdk\.sdk\launch_scripts\xilinx_c-c++_application_(system_debugger)\system_debugger_on_local.tcl'
02:38:21 INFO  : Disconnected from the channel tcfchan#4.
02:38:22 INFO  : Connected to target on host '127.0.0.1' and port '3121'.
02:38:22 INFO  : Jtag cable 'Digilent Zed 210248AC8AA6' is selected.
02:38:22 INFO  : 'jtag frequency' command is executed.
02:38:22 INFO  : Sourcing of 'D:/Major_Project/Major_Final/MLP_oled/MLP_oled.sdk/design_1_wrapper_hw_platform_0/ps7_init.tcl' is done.
02:38:22 INFO  : 'targets -set -filter {jtag_cable_name =~ "Digilent Zed 210248AC8AA6" && level==0} -index 1' command is executed.
02:38:24 INFO  : FPGA configured successfully with bitstream "D:/Major_Project/Major_Final/MLP_oled/MLP_oled.sdk/design_1_wrapper_hw_platform_0/design_1_wrapper.bit"
02:38:24 INFO  : Context for 'APU' is selected.
02:38:26 INFO  : Hardware design information is loaded from 'D:/Major_Project/Major_Final/MLP_oled/MLP_oled.sdk/design_1_wrapper_hw_platform_0/system.hdf'.
02:38:26 INFO  : 'configparams force-mem-access 1' command is executed.
02:38:26 INFO  : Context for 'APU' is selected.
02:38:26 INFO  : 'stop' command is executed.
02:38:26 INFO  : 'ps7_init' command is executed.
02:38:26 INFO  : 'ps7_post_config' command is executed.
02:38:26 INFO  : Context for processor 'ps7_cortexa9_0' is selected.
02:38:27 INFO  : Processor reset is completed for 'ps7_cortexa9_0'.
02:38:27 INFO  : Context for processor 'ps7_cortexa9_0' is selected.
02:38:27 INFO  : The application 'D:/Major_Project/Major_Final/MLP_oled/MLP_oled.sdk/nnTest/Debug/nnTest.elf' is downloaded to processor 'ps7_cortexa9_0'.
02:38:27 INFO  : 'configparams force-mem-access 0' command is executed.
02:38:27 INFO  : ----------------XSDB Script----------------
connect -url tcp:127.0.0.1:3121
source D:/Major_Project/Major_Final/MLP_oled/MLP_oled.sdk/design_1_wrapper_hw_platform_0/ps7_init.tcl
targets -set -filter {jtag_cable_name =~ "Digilent Zed 210248AC8AA6" && level==0} -index 1
fpga -file D:/Major_Project/Major_Final/MLP_oled/MLP_oled.sdk/design_1_wrapper_hw_platform_0/design_1_wrapper.bit
targets -set -nocase -filter {name =~"APU*" && jtag_cable_name =~ "Digilent Zed 210248AC8AA6"} -index 0
loadhw -hw D:/Major_Project/Major_Final/MLP_oled/MLP_oled.sdk/design_1_wrapper_hw_platform_0/system.hdf -mem-ranges [list {0x40000000 0xbfffffff}]
configparams force-mem-access 1
targets -set -nocase -filter {name =~"APU*" && jtag_cable_name =~ "Digilent Zed 210248AC8AA6"} -index 0
stop
ps7_init
ps7_post_config
targets -set -nocase -filter {name =~ "ARM*#0" && jtag_cable_name =~ "Digilent Zed 210248AC8AA6"} -index 0
rst -processor
targets -set -nocase -filter {name =~ "ARM*#0" && jtag_cable_name =~ "Digilent Zed 210248AC8AA6"} -index 0
dow D:/Major_Project/Major_Final/MLP_oled/MLP_oled.sdk/nnTest/Debug/nnTest.elf
configparams force-mem-access 0
----------------End of Script----------------

02:38:27 INFO  : Memory regions updated for context APU
02:38:27 INFO  : Context for processor 'ps7_cortexa9_0' is selected.
02:38:27 INFO  : 'con' command is executed.
02:38:27 INFO  : ----------------XSDB Script (After Launch)----------------
targets -set -nocase -filter {name =~ "ARM*#0" && jtag_cable_name =~ "Digilent Zed 210248AC8AA6"} -index 0
con
----------------End of Script----------------

02:38:27 INFO  : Launch script is exported to file 'D:\Major_Project\Major_Final\MLP_oled\MLP_oled.sdk\.sdk\launch_scripts\xilinx_c-c++_application_(system_debugger)\system_debugger_on_local.tcl'
02:40:32 INFO  : Disconnected from the channel tcfchan#5.
02:40:33 INFO  : Connected to target on host '127.0.0.1' and port '3121'.
02:40:34 INFO  : Jtag cable 'Digilent Zed 210248AC8AA6' is selected.
02:40:34 INFO  : 'jtag frequency' command is executed.
02:40:34 INFO  : Sourcing of 'D:/Major_Project/Major_Final/MLP_oled/MLP_oled.sdk/design_1_wrapper_hw_platform_0/ps7_init.tcl' is done.
02:40:34 INFO  : 'targets -set -filter {jtag_cable_name =~ "Digilent Zed 210248AC8AA6" && level==0} -index 1' command is executed.
02:40:36 INFO  : FPGA configured successfully with bitstream "D:/Major_Project/Major_Final/MLP_oled/MLP_oled.sdk/design_1_wrapper_hw_platform_0/design_1_wrapper.bit"
02:40:36 INFO  : Context for 'APU' is selected.
02:40:38 INFO  : Hardware design information is loaded from 'D:/Major_Project/Major_Final/MLP_oled/MLP_oled.sdk/design_1_wrapper_hw_platform_0/system.hdf'.
02:40:38 INFO  : 'configparams force-mem-access 1' command is executed.
02:40:38 INFO  : Context for 'APU' is selected.
02:40:38 INFO  : 'stop' command is executed.
02:40:38 INFO  : 'ps7_init' command is executed.
02:40:38 INFO  : 'ps7_post_config' command is executed.
02:40:38 INFO  : Context for processor 'ps7_cortexa9_0' is selected.
02:40:38 INFO  : Processor reset is completed for 'ps7_cortexa9_0'.
02:40:38 INFO  : Context for processor 'ps7_cortexa9_0' is selected.
02:40:39 INFO  : The application 'D:/Major_Project/Major_Final/MLP_oled/MLP_oled.sdk/nnTest/Debug/nnTest.elf' is downloaded to processor 'ps7_cortexa9_0'.
02:40:39 INFO  : 'configparams force-mem-access 0' command is executed.
02:40:39 INFO  : ----------------XSDB Script----------------
connect -url tcp:127.0.0.1:3121
source D:/Major_Project/Major_Final/MLP_oled/MLP_oled.sdk/design_1_wrapper_hw_platform_0/ps7_init.tcl
targets -set -filter {jtag_cable_name =~ "Digilent Zed 210248AC8AA6" && level==0} -index 1
fpga -file D:/Major_Project/Major_Final/MLP_oled/MLP_oled.sdk/design_1_wrapper_hw_platform_0/design_1_wrapper.bit
targets -set -nocase -filter {name =~"APU*" && jtag_cable_name =~ "Digilent Zed 210248AC8AA6"} -index 0
loadhw -hw D:/Major_Project/Major_Final/MLP_oled/MLP_oled.sdk/design_1_wrapper_hw_platform_0/system.hdf -mem-ranges [list {0x40000000 0xbfffffff}]
configparams force-mem-access 1
targets -set -nocase -filter {name =~"APU*" && jtag_cable_name =~ "Digilent Zed 210248AC8AA6"} -index 0
stop
ps7_init
ps7_post_config
targets -set -nocase -filter {name =~ "ARM*#0" && jtag_cable_name =~ "Digilent Zed 210248AC8AA6"} -index 0
rst -processor
targets -set -nocase -filter {name =~ "ARM*#0" && jtag_cable_name =~ "Digilent Zed 210248AC8AA6"} -index 0
dow D:/Major_Project/Major_Final/MLP_oled/MLP_oled.sdk/nnTest/Debug/nnTest.elf
configparams force-mem-access 0
----------------End of Script----------------

02:40:39 INFO  : Memory regions updated for context APU
02:40:39 INFO  : Context for processor 'ps7_cortexa9_0' is selected.
02:40:39 INFO  : 'con' command is executed.
02:40:39 INFO  : ----------------XSDB Script (After Launch)----------------
targets -set -nocase -filter {name =~ "ARM*#0" && jtag_cable_name =~ "Digilent Zed 210248AC8AA6"} -index 0
con
----------------End of Script----------------

02:40:39 INFO  : Launch script is exported to file 'D:\Major_Project\Major_Final\MLP_oled\MLP_oled.sdk\.sdk\launch_scripts\xilinx_c-c++_application_(system_debugger)\system_debugger_on_local.tcl'
02:41:20 INFO  : Disconnected from the channel tcfchan#6.
02:41:21 INFO  : 'targets -set -filter {jtag_cable_name =~ "Digilent Zed 210248AC8AA6" && level==0} -index 1' command is executed.
02:41:21 INFO  : 'fpga -state' command is executed.
02:41:21 INFO  : Connected to target on host '127.0.0.1' and port '3121'.
02:41:22 INFO  : Jtag cable 'Digilent Zed 210248AC8AA6' is selected.
02:41:22 INFO  : 'jtag frequency' command is executed.
02:41:22 INFO  : Sourcing of 'D:/Major_Project/Major_Final/MLP_oled/MLP_oled.sdk/design_1_wrapper_hw_platform_0/ps7_init.tcl' is done.
02:41:22 INFO  : Context for 'APU' is selected.
02:41:24 INFO  : Hardware design information is loaded from 'D:/Major_Project/Major_Final/MLP_oled/MLP_oled.sdk/design_1_wrapper_hw_platform_0/system.hdf'.
02:41:24 INFO  : 'configparams force-mem-access 1' command is executed.
02:41:24 INFO  : Context for 'APU' is selected.
02:41:24 INFO  : 'stop' command is executed.
02:41:24 INFO  : 'ps7_init' command is executed.
02:41:24 INFO  : 'ps7_post_config' command is executed.
02:41:24 INFO  : Context for processor 'ps7_cortexa9_0' is selected.
02:41:24 INFO  : Processor reset is completed for 'ps7_cortexa9_0'.
02:41:24 INFO  : Context for processor 'ps7_cortexa9_0' is selected.
02:41:24 INFO  : The application 'D:/Major_Project/Major_Final/MLP_oled/MLP_oled.sdk/nnTest/Debug/nnTest.elf' is downloaded to processor 'ps7_cortexa9_0'.
02:41:24 INFO  : 'configparams force-mem-access 0' command is executed.
02:41:24 INFO  : ----------------XSDB Script----------------
connect -url tcp:127.0.0.1:3121
source D:/Major_Project/Major_Final/MLP_oled/MLP_oled.sdk/design_1_wrapper_hw_platform_0/ps7_init.tcl
targets -set -nocase -filter {name =~"APU*" && jtag_cable_name =~ "Digilent Zed 210248AC8AA6"} -index 0
loadhw -hw D:/Major_Project/Major_Final/MLP_oled/MLP_oled.sdk/design_1_wrapper_hw_platform_0/system.hdf -mem-ranges [list {0x40000000 0xbfffffff}]
configparams force-mem-access 1
targets -set -nocase -filter {name =~"APU*" && jtag_cable_name =~ "Digilent Zed 210248AC8AA6"} -index 0
stop
ps7_init
ps7_post_config
targets -set -nocase -filter {name =~ "ARM*#0" && jtag_cable_name =~ "Digilent Zed 210248AC8AA6"} -index 0
rst -processor
targets -set -nocase -filter {name =~ "ARM*#0" && jtag_cable_name =~ "Digilent Zed 210248AC8AA6"} -index 0
dow D:/Major_Project/Major_Final/MLP_oled/MLP_oled.sdk/nnTest/Debug/nnTest.elf
configparams force-mem-access 0
----------------End of Script----------------

02:41:25 INFO  : Memory regions updated for context APU
02:41:25 INFO  : Context for processor 'ps7_cortexa9_0' is selected.
02:41:25 INFO  : 'con' command is executed.
02:41:25 INFO  : ----------------XSDB Script (After Launch)----------------
targets -set -nocase -filter {name =~ "ARM*#0" && jtag_cable_name =~ "Digilent Zed 210248AC8AA6"} -index 0
con
----------------End of Script----------------

02:41:25 INFO  : Launch script is exported to file 'D:\Major_Project\Major_Final\MLP_oled\MLP_oled.sdk\.sdk\launch_scripts\xilinx_c-c++_application_(system_debugger)\system_debugger_on_local.tcl'
02:41:36 INFO  : Disconnected from the channel tcfchan#7.
02:41:38 INFO  : 'targets -set -filter {jtag_cable_name =~ "Digilent Zed 210248AC8AA6" && level==0} -index 1' command is executed.
02:41:38 INFO  : 'fpga -state' command is executed.
02:41:38 INFO  : Connected to target on host '127.0.0.1' and port '3121'.
02:41:38 INFO  : Jtag cable 'Digilent Zed 210248AC8AA6' is selected.
02:41:38 INFO  : 'jtag frequency' command is executed.
02:41:38 INFO  : Sourcing of 'D:/Major_Project/Major_Final/MLP_oled/MLP_oled.sdk/design_1_wrapper_hw_platform_0/ps7_init.tcl' is done.
02:41:38 INFO  : Context for 'APU' is selected.
02:41:40 INFO  : Hardware design information is loaded from 'D:/Major_Project/Major_Final/MLP_oled/MLP_oled.sdk/design_1_wrapper_hw_platform_0/system.hdf'.
02:41:40 INFO  : 'configparams force-mem-access 1' command is executed.
02:41:40 INFO  : Context for 'APU' is selected.
02:41:40 INFO  : 'stop' command is executed.
02:41:40 INFO  : 'ps7_init' command is executed.
02:41:40 INFO  : 'ps7_post_config' command is executed.
02:41:40 INFO  : Context for processor 'ps7_cortexa9_0' is selected.
02:41:41 INFO  : Processor reset is completed for 'ps7_cortexa9_0'.
02:41:41 INFO  : Context for processor 'ps7_cortexa9_0' is selected.
02:41:41 INFO  : The application 'D:/Major_Project/Major_Final/MLP_oled/MLP_oled.sdk/nnTest/Debug/nnTest.elf' is downloaded to processor 'ps7_cortexa9_0'.
02:41:41 INFO  : 'configparams force-mem-access 0' command is executed.
02:41:41 INFO  : ----------------XSDB Script----------------
connect -url tcp:127.0.0.1:3121
source D:/Major_Project/Major_Final/MLP_oled/MLP_oled.sdk/design_1_wrapper_hw_platform_0/ps7_init.tcl
targets -set -nocase -filter {name =~"APU*" && jtag_cable_name =~ "Digilent Zed 210248AC8AA6"} -index 0
loadhw -hw D:/Major_Project/Major_Final/MLP_oled/MLP_oled.sdk/design_1_wrapper_hw_platform_0/system.hdf -mem-ranges [list {0x40000000 0xbfffffff}]
configparams force-mem-access 1
targets -set -nocase -filter {name =~"APU*" && jtag_cable_name =~ "Digilent Zed 210248AC8AA6"} -index 0
stop
ps7_init
ps7_post_config
targets -set -nocase -filter {name =~ "ARM*#0" && jtag_cable_name =~ "Digilent Zed 210248AC8AA6"} -index 0
rst -processor
targets -set -nocase -filter {name =~ "ARM*#0" && jtag_cable_name =~ "Digilent Zed 210248AC8AA6"} -index 0
dow D:/Major_Project/Major_Final/MLP_oled/MLP_oled.sdk/nnTest/Debug/nnTest.elf
configparams force-mem-access 0
----------------End of Script----------------

02:41:41 INFO  : Memory regions updated for context APU
02:41:41 INFO  : Context for processor 'ps7_cortexa9_0' is selected.
02:41:41 INFO  : 'con' command is executed.
02:41:41 INFO  : ----------------XSDB Script (After Launch)----------------
targets -set -nocase -filter {name =~ "ARM*#0" && jtag_cable_name =~ "Digilent Zed 210248AC8AA6"} -index 0
con
----------------End of Script----------------

02:41:41 INFO  : Launch script is exported to file 'D:\Major_Project\Major_Final\MLP_oled\MLP_oled.sdk\.sdk\launch_scripts\xilinx_c-c++_application_(system_debugger)\system_debugger_on_local.tcl'
02:41:58 INFO  : Disconnected from the channel tcfchan#8.
02:41:59 INFO  : 'targets -set -filter {jtag_cable_name =~ "Digilent Zed 210248AC8AA6" && level==0} -index 1' command is executed.
02:41:59 INFO  : 'fpga -state' command is executed.
02:41:59 INFO  : Connected to target on host '127.0.0.1' and port '3121'.
02:41:59 INFO  : Jtag cable 'Digilent Zed 210248AC8AA6' is selected.
02:41:59 INFO  : 'jtag frequency' command is executed.
02:41:59 INFO  : Sourcing of 'D:/Major_Project/Major_Final/MLP_oled/MLP_oled.sdk/design_1_wrapper_hw_platform_0/ps7_init.tcl' is done.
02:41:59 INFO  : Context for 'APU' is selected.
02:42:01 INFO  : Hardware design information is loaded from 'D:/Major_Project/Major_Final/MLP_oled/MLP_oled.sdk/design_1_wrapper_hw_platform_0/system.hdf'.
02:42:01 INFO  : 'configparams force-mem-access 1' command is executed.
02:42:01 INFO  : Context for 'APU' is selected.
02:42:01 INFO  : 'stop' command is executed.
02:42:02 INFO  : 'ps7_init' command is executed.
02:42:02 INFO  : 'ps7_post_config' command is executed.
02:42:02 INFO  : Context for processor 'ps7_cortexa9_0' is selected.
02:42:02 INFO  : Processor reset is completed for 'ps7_cortexa9_0'.
02:42:02 INFO  : Context for processor 'ps7_cortexa9_0' is selected.
02:42:02 INFO  : The application 'D:/Major_Project/Major_Final/MLP_oled/MLP_oled.sdk/nnTest/Debug/nnTest.elf' is downloaded to processor 'ps7_cortexa9_0'.
02:42:02 INFO  : 'configparams force-mem-access 0' command is executed.
02:42:02 INFO  : ----------------XSDB Script----------------
connect -url tcp:127.0.0.1:3121
source D:/Major_Project/Major_Final/MLP_oled/MLP_oled.sdk/design_1_wrapper_hw_platform_0/ps7_init.tcl
targets -set -nocase -filter {name =~"APU*" && jtag_cable_name =~ "Digilent Zed 210248AC8AA6"} -index 0
loadhw -hw D:/Major_Project/Major_Final/MLP_oled/MLP_oled.sdk/design_1_wrapper_hw_platform_0/system.hdf -mem-ranges [list {0x40000000 0xbfffffff}]
configparams force-mem-access 1
targets -set -nocase -filter {name =~"APU*" && jtag_cable_name =~ "Digilent Zed 210248AC8AA6"} -index 0
stop
ps7_init
ps7_post_config
targets -set -nocase -filter {name =~ "ARM*#0" && jtag_cable_name =~ "Digilent Zed 210248AC8AA6"} -index 0
rst -processor
targets -set -nocase -filter {name =~ "ARM*#0" && jtag_cable_name =~ "Digilent Zed 210248AC8AA6"} -index 0
dow D:/Major_Project/Major_Final/MLP_oled/MLP_oled.sdk/nnTest/Debug/nnTest.elf
configparams force-mem-access 0
----------------End of Script----------------

02:42:02 INFO  : Memory regions updated for context APU
02:42:02 INFO  : Context for processor 'ps7_cortexa9_0' is selected.
02:42:02 INFO  : 'con' command is executed.
02:42:02 INFO  : ----------------XSDB Script (After Launch)----------------
targets -set -nocase -filter {name =~ "ARM*#0" && jtag_cable_name =~ "Digilent Zed 210248AC8AA6"} -index 0
con
----------------End of Script----------------

02:42:02 INFO  : Launch script is exported to file 'D:\Major_Project\Major_Final\MLP_oled\MLP_oled.sdk\.sdk\launch_scripts\xilinx_c-c++_application_(system_debugger)\system_debugger_on_local.tcl'
02:42:31 INFO  : Disconnected from the channel tcfchan#9.
02:42:32 INFO  : 'targets -set -filter {jtag_cable_name =~ "Digilent Zed 210248AC8AA6" && level==0} -index 1' command is executed.
02:42:32 INFO  : 'fpga -state' command is executed.
02:42:32 INFO  : Connected to target on host '127.0.0.1' and port '3121'.
02:42:32 INFO  : Jtag cable 'Digilent Zed 210248AC8AA6' is selected.
02:42:32 INFO  : 'jtag frequency' command is executed.
02:42:32 INFO  : Sourcing of 'D:/Major_Project/Major_Final/MLP_oled/MLP_oled.sdk/design_1_wrapper_hw_platform_0/ps7_init.tcl' is done.
02:42:32 INFO  : Context for 'APU' is selected.
02:42:34 INFO  : Hardware design information is loaded from 'D:/Major_Project/Major_Final/MLP_oled/MLP_oled.sdk/design_1_wrapper_hw_platform_0/system.hdf'.
02:42:34 INFO  : 'configparams force-mem-access 1' command is executed.
02:42:34 INFO  : Context for 'APU' is selected.
02:42:34 INFO  : 'stop' command is executed.
02:42:34 INFO  : 'ps7_init' command is executed.
02:42:34 INFO  : 'ps7_post_config' command is executed.
02:42:35 INFO  : Context for processor 'ps7_cortexa9_0' is selected.
02:42:35 INFO  : Processor reset is completed for 'ps7_cortexa9_0'.
02:42:35 INFO  : Context for processor 'ps7_cortexa9_0' is selected.
02:42:35 INFO  : The application 'D:/Major_Project/Major_Final/MLP_oled/MLP_oled.sdk/nnTest/Debug/nnTest.elf' is downloaded to processor 'ps7_cortexa9_0'.
02:42:35 INFO  : 'configparams force-mem-access 0' command is executed.
02:42:35 INFO  : ----------------XSDB Script----------------
connect -url tcp:127.0.0.1:3121
source D:/Major_Project/Major_Final/MLP_oled/MLP_oled.sdk/design_1_wrapper_hw_platform_0/ps7_init.tcl
targets -set -nocase -filter {name =~"APU*" && jtag_cable_name =~ "Digilent Zed 210248AC8AA6"} -index 0
loadhw -hw D:/Major_Project/Major_Final/MLP_oled/MLP_oled.sdk/design_1_wrapper_hw_platform_0/system.hdf -mem-ranges [list {0x40000000 0xbfffffff}]
configparams force-mem-access 1
targets -set -nocase -filter {name =~"APU*" && jtag_cable_name =~ "Digilent Zed 210248AC8AA6"} -index 0
stop
ps7_init
ps7_post_config
targets -set -nocase -filter {name =~ "ARM*#0" && jtag_cable_name =~ "Digilent Zed 210248AC8AA6"} -index 0
rst -processor
targets -set -nocase -filter {name =~ "ARM*#0" && jtag_cable_name =~ "Digilent Zed 210248AC8AA6"} -index 0
dow D:/Major_Project/Major_Final/MLP_oled/MLP_oled.sdk/nnTest/Debug/nnTest.elf
configparams force-mem-access 0
----------------End of Script----------------

02:42:35 INFO  : Memory regions updated for context APU
02:42:35 INFO  : Context for processor 'ps7_cortexa9_0' is selected.
02:42:35 INFO  : 'con' command is executed.
02:42:35 INFO  : ----------------XSDB Script (After Launch)----------------
targets -set -nocase -filter {name =~ "ARM*#0" && jtag_cable_name =~ "Digilent Zed 210248AC8AA6"} -index 0
con
----------------End of Script----------------

02:42:35 INFO  : Launch script is exported to file 'D:\Major_Project\Major_Final\MLP_oled\MLP_oled.sdk\.sdk\launch_scripts\xilinx_c-c++_application_(system_debugger)\system_debugger_on_local.tcl'
02:43:42 INFO  : Disconnected from the channel tcfchan#10.
02:43:43 INFO  : 'targets -set -filter {jtag_cable_name =~ "Digilent Zed 210248AC8AA6" && level==0} -index 1' command is executed.
02:43:43 INFO  : 'fpga -state' command is executed.
02:43:43 INFO  : Connected to target on host '127.0.0.1' and port '3121'.
02:43:43 INFO  : Jtag cable 'Digilent Zed 210248AC8AA6' is selected.
02:43:43 INFO  : 'jtag frequency' command is executed.
02:43:43 INFO  : Sourcing of 'D:/Major_Project/Major_Final/MLP_oled/MLP_oled.sdk/design_1_wrapper_hw_platform_0/ps7_init.tcl' is done.
02:43:43 INFO  : Context for 'APU' is selected.
02:43:46 INFO  : Hardware design information is loaded from 'D:/Major_Project/Major_Final/MLP_oled/MLP_oled.sdk/design_1_wrapper_hw_platform_0/system.hdf'.
02:43:46 INFO  : 'configparams force-mem-access 1' command is executed.
02:43:46 INFO  : Context for 'APU' is selected.
02:43:46 INFO  : 'stop' command is executed.
02:43:46 INFO  : 'ps7_init' command is executed.
02:43:46 INFO  : 'ps7_post_config' command is executed.
02:43:46 INFO  : Context for processor 'ps7_cortexa9_0' is selected.
02:43:46 INFO  : Processor reset is completed for 'ps7_cortexa9_0'.
02:43:46 INFO  : Context for processor 'ps7_cortexa9_0' is selected.
02:43:46 INFO  : The application 'D:/Major_Project/Major_Final/MLP_oled/MLP_oled.sdk/nnTest/Debug/nnTest.elf' is downloaded to processor 'ps7_cortexa9_0'.
02:43:46 INFO  : 'configparams force-mem-access 0' command is executed.
02:43:46 INFO  : ----------------XSDB Script----------------
connect -url tcp:127.0.0.1:3121
source D:/Major_Project/Major_Final/MLP_oled/MLP_oled.sdk/design_1_wrapper_hw_platform_0/ps7_init.tcl
targets -set -nocase -filter {name =~"APU*" && jtag_cable_name =~ "Digilent Zed 210248AC8AA6"} -index 0
loadhw -hw D:/Major_Project/Major_Final/MLP_oled/MLP_oled.sdk/design_1_wrapper_hw_platform_0/system.hdf -mem-ranges [list {0x40000000 0xbfffffff}]
configparams force-mem-access 1
targets -set -nocase -filter {name =~"APU*" && jtag_cable_name =~ "Digilent Zed 210248AC8AA6"} -index 0
stop
ps7_init
ps7_post_config
targets -set -nocase -filter {name =~ "ARM*#0" && jtag_cable_name =~ "Digilent Zed 210248AC8AA6"} -index 0
rst -processor
targets -set -nocase -filter {name =~ "ARM*#0" && jtag_cable_name =~ "Digilent Zed 210248AC8AA6"} -index 0
dow D:/Major_Project/Major_Final/MLP_oled/MLP_oled.sdk/nnTest/Debug/nnTest.elf
configparams force-mem-access 0
----------------End of Script----------------

02:43:46 INFO  : Memory regions updated for context APU
02:43:46 INFO  : Context for processor 'ps7_cortexa9_0' is selected.
02:43:46 INFO  : 'con' command is executed.
02:43:46 INFO  : ----------------XSDB Script (After Launch)----------------
targets -set -nocase -filter {name =~ "ARM*#0" && jtag_cable_name =~ "Digilent Zed 210248AC8AA6"} -index 0
con
----------------End of Script----------------

02:43:46 INFO  : Launch script is exported to file 'D:\Major_Project\Major_Final\MLP_oled\MLP_oled.sdk\.sdk\launch_scripts\xilinx_c-c++_application_(system_debugger)\system_debugger_on_local.tcl'
02:58:20 INFO  : Disconnected from the channel tcfchan#11.
