#-----------------------------------------------------------
# Vivado v2018.2 (64-bit)
# SW Build 2258646 on Thu Jun 14 20:03:12 MDT 2018
# IP Build 2256618 on Thu Jun 14 22:10:49 MDT 2018
# Start of session at: Sat Apr 27 03:24:43 2024
# Process ID: 1976
# Current directory: D:/Major_Project/Major_Final/MLP_oled
# Command line: vivado.exe -gui_launcher_event rodinguilauncherevent8360 D:\Major_Project\Major_Final\MLP_oled\MLP_oled.xpr
# Log file: D:/Major_Project/Major_Final/MLP_oled/vivado.log
# Journal file: D:/Major_Project/Major_Final/MLP_oled\vivado.jou
#-----------------------------------------------------------
start_gui
open_project D:/Major_Project/Major_Final/MLP_oled/MLP_oled.xpr
INFO: [Project 1-313] Project file moved from 'D:/Major_Project/zynet_Project_incorporated_OLED/MLP_oled' since last save.
Scanning sources...
Finished scanning sources
INFO: [IP_Flow 19-234] Refreshing IP repositories
INFO: [IP_Flow 19-1700] Loaded user IP repository 'd:/Major_Project/ip_cores'.
INFO: [IP_Flow 19-2313] Loaded Vivado IP repository 'C:/Xilinx/Vivado/2018.2/data/ip'.
open_project: Time (s): cpu = 00:00:11 ; elapsed = 00:00:25 . Memory (MB): peak = 948.617 ; gain = 214.418
update_compile_order -fileset sources_1
exit
INFO: [Common 17-206] Exiting Vivado at Sat Apr 27 03:29:17 2024...
