#-----------------------------------------------------------
# Vivado v2018.2 (64-bit)
# SW Build 2258646 on Thu Jun 14 20:03:12 MDT 2018
# IP Build 2256618 on Thu Jun 14 22:10:49 MDT 2018
# Start of session at: Sat Apr 27 02:14:08 2024
# Process ID: 20244
# Current directory: D:/Major_Project/Major_Final/MLP_oled
# Command line: vivado.exe -gui_launcher_event rodinguilauncherevent13596 D:\Major_Project\Major_Final\MLP_oled\MLP_oled.xpr
# Log file: D:/Major_Project/Major_Final/MLP_oled/vivado.log
# Journal file: D:/Major_Project/Major_Final/MLP_oled\vivado.jou
#-----------------------------------------------------------
start_gui
open_project D:/Major_Project/Major_Final/MLP_oled/MLP_oled.xpr
INFO: [Project 1-313] Project file moved from 'D:/Major_Project/zynet_Project_incorporated_OLED/MLP_oled' since last save.
Scanning sources...
Finished scanning sources
INFO: [IP_Flow 19-234] Refreshing IP repositories
INFO: [IP_Flow 19-1700] Loaded user IP repository 'd:/Major_Project/ip_cores'.
INFO: [IP_Flow 19-2313] Loaded Vivado IP repository 'C:/Xilinx/Vivado/2018.2/data/ip'.
open_project: Time (s): cpu = 00:00:13 ; elapsed = 00:00:10 . Memory (MB): peak = 963.344 ; gain = 221.883
update_compile_order -fileset sources_1
launch_sdk -workspace D:/Major_Project/Major_Final/MLP_oled/MLP_oled.sdk -hwspec D:/Major_Project/Major_Final/MLP_oled/MLP_oled.sdk/design_1_wrapper.hdf
INFO: [Vivado 12-393] Launching SDK...
INFO: [Vivado 12-417] Running xsdk -workspace D:/Major_Project/Major_Final/MLP_oled/MLP_oled.sdk -hwspec D:/Major_Project/Major_Final/MLP_oled/MLP_oled.sdk/design_1_wrapper.hdf
INFO: [Vivado 12-3157] SDK launch initiated. Please check console for any further messages.
exit
INFO: [Common 17-206] Exiting Vivado at Sat Apr 27 02:25:10 2024...
