#-----------------------------------------------------------
# Vivado v2018.2 (64-bit)
# SW Build 2258646 on Thu Jun 14 20:03:12 MDT 2018
# IP Build 2256618 on Thu Jun 14 22:10:49 MDT 2018
# Start of session at: Sat Apr 27 02:05:00 2024
# Process ID: 8608
# Current directory: D:/Major_Project/zynet_Project_incorporated_OLED/MLP_oled
# Command line: vivado.exe -gui_launcher_event rodinguilauncherevent4256 D:\Major_Project\zynet_Project_incorporated_OLED\MLP_oled\MLP_oled.xpr
# Log file: D:/Major_Project/zynet_Project_incorporated_OLED/MLP_oled/vivado.log
# Journal file: D:/Major_Project/zynet_Project_incorporated_OLED/MLP_oled\vivado.jou
#-----------------------------------------------------------
start_gui
open_project D:/Major_Project/zynet_Project_incorporated_OLED/MLP_oled/MLP_oled.xpr
Scanning sources...
Finished scanning sources
INFO: [IP_Flow 19-234] Refreshing IP repositories
INFO: [IP_Flow 19-1700] Loaded user IP repository 'd:/Major_Project/ip_cores'.
INFO: [IP_Flow 19-2313] Loaded Vivado IP repository 'C:/Xilinx/Vivado/2018.2/data/ip'.
open_project: Time (s): cpu = 00:00:12 ; elapsed = 00:00:22 . Memory (MB): peak = 949.074 ; gain = 232.234
update_compile_order -fileset sources_1
exit
INFO: [Common 17-206] Exiting Vivado at Sat Apr 27 02:11:04 2024...
