
*** Running vivado
    with args -log top.vdi -applog -m64 -product Vivado -messageDb vivado.pb -mode batch -source top.tcl -notrace


****** Vivado v2018.2 (64-bit)
  **** SW Build 2258646 on Thu Jun 14 20:03:12 MDT 2018
  **** IP Build 2256618 on Thu Jun 14 22:10:49 MDT 2018
    ** Copyright 1986-2018 Xilinx, Inc. All Rights Reserved.

source top.tcl -notrace
Command: link_design -top top -part xc7z020clg484-1
Design is defaulting to srcset: sources_1
Design is defaulting to constrset: constrs_1
INFO: [Netlist 29-17] Analyzing 37 Unisim elements for replacement
INFO: [Netlist 29-28] Unisim Transformation completed in 0 CPU seconds
INFO: [Project 1-479] Netlist was created with Vivado 2018.2
INFO: [Device 21-403] Loading part xc7z020clg484-1
INFO: [Project 1-570] Preparing netlist for logic optimization
Parsing XDC File [D:/Major_Project/zynet_Projects_Advanced/Zedboard_OLED_2018/vivado_proj/Zedboard-OLED.srcs/constrs_1/imports/constraints/zedboard_master.xdc]
WARNING: [Vivado 12-584] No ports matched '[get_ports -of_objects [get_iobanks 35]]'. [D:/Major_Project/zynet_Projects_Advanced/Zedboard_OLED_2018/vivado_proj/Zedboard-OLED.srcs/constrs_1/imports/constraints/zedboard_master.xdc:372]
CRITICAL WARNING: [Common 17-55] 'set_property' expects at least one object. [D:/Major_Project/zynet_Projects_Advanced/Zedboard_OLED_2018/vivado_proj/Zedboard-OLED.srcs/constrs_1/imports/constraints/zedboard_master.xdc:372]
Resolution: If [get_<value>] was used to populate the object, check to make sure this command returns at least one valid object.
Finished Parsing XDC File [D:/Major_Project/zynet_Projects_Advanced/Zedboard_OLED_2018/vivado_proj/Zedboard-OLED.srcs/constrs_1/imports/constraints/zedboard_master.xdc]
INFO: [Opt 31-138] Pushed 0 inverter(s) to 0 load pin(s).
INFO: [Project 1-111] Unisim Transformation Summary:
No Unisim elements were transformed.

7 Infos, 1 Warnings, 1 Critical Warnings and 0 Errors encountered.
link_design completed successfully
link_design: Time (s): cpu = 00:00:04 ; elapsed = 00:00:09 . Memory (MB): peak = 680.754 ; gain = 339.266
Command: opt_design -directive RuntimeOptimized
INFO: [Vivado_Tcl 4-136] Directive used for opt_design is: RuntimeOptimized
Attempting to get a license for feature 'Implementation' and/or device 'xc7z020'
INFO: [Common 17-349] Got license for feature 'Implementation' and/or device 'xc7z020'
Running DRC as a precondition to command opt_design

Starting DRC Task
INFO: [DRC 23-27] Running DRC with 2 threads
INFO: [Project 1-461] DRC finished with 0 Errors
INFO: [Project 1-462] Please refer to the DRC report (report_drc) for more information.

Time (s): cpu = 00:00:00 ; elapsed = 00:00:00.622 . Memory (MB): peak = 694.031 ; gain = 13.277

Starting Logic Optimization Task
INFO: [Timing 38-35] Done setting XDC timing constraints.

Phase 1 Retarget
INFO: [Opt 31-138] Pushed 0 inverter(s) to 0 load pin(s).
INFO: [Opt 31-49] Retargeted 0 cell(s).
Phase 1 Retarget | Checksum: 1ec3c9c86

Time (s): cpu = 00:00:06 ; elapsed = 00:00:11 . Memory (MB): peak = 1238.734 ; gain = 544.703
INFO: [Opt 31-389] Phase Retarget created 0 cells and removed 0 cells

Phase 2 Constant propagation
INFO: [Opt 31-138] Pushed 0 inverter(s) to 0 load pin(s).
Phase 2 Constant propagation | Checksum: 264f3770c

Time (s): cpu = 00:00:06 ; elapsed = 00:00:11 . Memory (MB): peak = 1238.734 ; gain = 544.703
INFO: [Opt 31-389] Phase Constant propagation created 0 cells and removed 0 cells

Phase 3 Sweep
Phase 3 Sweep | Checksum: 2754a2004

Time (s): cpu = 00:00:06 ; elapsed = 00:00:12 . Memory (MB): peak = 1238.734 ; gain = 544.703
INFO: [Opt 31-389] Phase Sweep created 0 cells and removed 0 cells

Phase 4 BUFG optimization
Phase 4 BUFG optimization | Checksum: 2754a2004

Time (s): cpu = 00:00:06 ; elapsed = 00:00:12 . Memory (MB): peak = 1238.734 ; gain = 544.703
INFO: [Opt 31-662] Phase BUFG optimization created 0 cells of which 0 are BUFGs and removed 0 cells.

Phase 5 Shift Register Optimization
Phase 5 Shift Register Optimization | Checksum: 1c2952e59

Time (s): cpu = 00:00:06 ; elapsed = 00:00:12 . Memory (MB): peak = 1238.734 ; gain = 544.703
INFO: [Opt 31-389] Phase Shift Register Optimization created 0 cells and removed 0 cells

Phase 6 Post Processing Netlist
Phase 6 Post Processing Netlist | Checksum: 1c2952e59

Time (s): cpu = 00:00:06 ; elapsed = 00:00:12 . Memory (MB): peak = 1238.734 ; gain = 544.703
INFO: [Opt 31-389] Phase Post Processing Netlist created 0 cells and removed 0 cells

Starting Connectivity Check Task

Time (s): cpu = 00:00:00 ; elapsed = 00:00:00.001 . Memory (MB): peak = 1238.734 ; gain = 0.000
Ending Logic Optimization Task | Checksum: 1c2952e59

Time (s): cpu = 00:00:06 ; elapsed = 00:00:12 . Memory (MB): peak = 1238.734 ; gain = 544.703
INFO: [Common 17-83] Releasing license: Implementation
23 Infos, 1 Warnings, 1 Critical Warnings and 0 Errors encountered.
opt_design completed successfully
opt_design: Time (s): cpu = 00:00:06 ; elapsed = 00:00:12 . Memory (MB): peak = 1238.734 ; gain = 557.980
INFO: [Timing 38-480] Writing timing data to binary archive.
Writing placer database...
Writing XDEF routing.
Writing XDEF routing logical nets.
Writing XDEF routing special nets.
Write XDEF Complete: Time (s): cpu = 00:00:00 ; elapsed = 00:00:00.053 . Memory (MB): peak = 1238.734 ; gain = 0.000
INFO: [Common 17-1381] The checkpoint 'D:/Major_Project/zynet_Projects_Advanced/Zedboard_OLED_2018/vivado_proj/Zedboard-OLED.runs/impl_1/top_opt.dcp' has been generated.
INFO: [runtcl-4] Executing : report_drc -file top_drc_opted.rpt -pb top_drc_opted.pb -rpx top_drc_opted.rpx
Command: report_drc -file top_drc_opted.rpt -pb top_drc_opted.pb -rpx top_drc_opted.rpx
INFO: [DRC 23-27] Running DRC with 2 threads
INFO: [Coretcl 2-168] The results of DRC are in file D:/Major_Project/zynet_Projects_Advanced/Zedboard_OLED_2018/vivado_proj/Zedboard-OLED.runs/impl_1/top_drc_opted.rpt.
report_drc completed successfully
Command: place_design -directive RuntimeOptimized
Attempting to get a license for feature 'Implementation' and/or device 'xc7z020'
INFO: [Common 17-349] Got license for feature 'Implementation' and/or device 'xc7z020'
INFO: [DRC 23-27] Running DRC with 2 threads
INFO: [Vivado_Tcl 4-198] DRC finished with 0 Errors
INFO: [Vivado_Tcl 4-199] Please refer to the DRC report (report_drc) for more information.
Running DRC as a precondition to command place_design
INFO: [DRC 23-27] Running DRC with 2 threads
INFO: [Vivado_Tcl 4-198] DRC finished with 0 Errors
INFO: [Vivado_Tcl 4-199] Please refer to the DRC report (report_drc) for more information.

Starting Placer Task
INFO: [Place 46-5] The placer was invoked with the 'RuntimeOptimized' directive.
INFO: [Place 30-611] Multithreading enabled for place_design using a maximum of 2 CPUs

Phase 1 Placer Initialization

Phase 1.1 Placer Initialization Netlist Sorting
Netlist sorting complete. Time (s): cpu = 00:00:00 ; elapsed = 00:00:00.001 . Memory (MB): peak = 1238.734 ; gain = 0.000
Phase 1.1 Placer Initialization Netlist Sorting | Checksum: 19002bc5b

Time (s): cpu = 00:00:00 ; elapsed = 00:00:00.014 . Memory (MB): peak = 1238.734 ; gain = 0.000
Netlist sorting complete. Time (s): cpu = 00:00:00 ; elapsed = 00:00:00.001 . Memory (MB): peak = 1238.734 ; gain = 0.000

Phase 1.2 IO Placement/ Clock Placement/ Build Placer Device
INFO: [Timing 38-35] Done setting XDC timing constraints.
Phase 1.2 IO Placement/ Clock Placement/ Build Placer Device | Checksum: 4a5a787a

Time (s): cpu = 00:00:01 ; elapsed = 00:00:01 . Memory (MB): peak = 1238.734 ; gain = 0.000

Phase 1.3 Build Placer Netlist Model
Phase 1.3 Build Placer Netlist Model | Checksum: e8c1ddc6

Time (s): cpu = 00:00:01 ; elapsed = 00:00:01 . Memory (MB): peak = 1238.734 ; gain = 0.000

Phase 1.4 Constrain Clocks/Macros
Phase 1.4 Constrain Clocks/Macros | Checksum: e8c1ddc6

Time (s): cpu = 00:00:01 ; elapsed = 00:00:01 . Memory (MB): peak = 1238.734 ; gain = 0.000
Phase 1 Placer Initialization | Checksum: e8c1ddc6

Time (s): cpu = 00:00:01 ; elapsed = 00:00:01 . Memory (MB): peak = 1238.734 ; gain = 0.000

Phase 2 Global Placement

Phase 2.1 Floorplanning
Phase 2.1 Floorplanning | Checksum: e8c1ddc6

Time (s): cpu = 00:00:01 ; elapsed = 00:00:01 . Memory (MB): peak = 1238.734 ; gain = 0.000
Phase 2 Global Placement | Checksum: 1629ae90a

Time (s): cpu = 00:00:02 ; elapsed = 00:00:03 . Memory (MB): peak = 1238.734 ; gain = 0.000

Phase 3 Detail Placement

Phase 3.1 Commit Multi Column Macros
Phase 3.1 Commit Multi Column Macros | Checksum: 1629ae90a

Time (s): cpu = 00:00:02 ; elapsed = 00:00:03 . Memory (MB): peak = 1238.734 ; gain = 0.000

Phase 3.2 Commit Most Macros & LUTRAMs
Phase 3.2 Commit Most Macros & LUTRAMs | Checksum: 193be3f3b

Time (s): cpu = 00:00:02 ; elapsed = 00:00:03 . Memory (MB): peak = 1238.734 ; gain = 0.000

Phase 3.3 Area Swap Optimization
Phase 3.3 Area Swap Optimization | Checksum: 1abbeae12

Time (s): cpu = 00:00:02 ; elapsed = 00:00:03 . Memory (MB): peak = 1238.734 ; gain = 0.000

Phase 3.4 Pipeline Register Optimization
Phase 3.4 Pipeline Register Optimization | Checksum: 1abbeae12

Time (s): cpu = 00:00:02 ; elapsed = 00:00:03 . Memory (MB): peak = 1238.734 ; gain = 0.000

Phase 3.5 Small Shape Detail Placement
Phase 3.5 Small Shape Detail Placement | Checksum: 1bf1d8aeb

Time (s): cpu = 00:00:02 ; elapsed = 00:00:03 . Memory (MB): peak = 1238.734 ; gain = 0.000

Phase 3.6 Re-assign LUT pins
Phase 3.6 Re-assign LUT pins | Checksum: 1bf1d8aeb

Time (s): cpu = 00:00:02 ; elapsed = 00:00:03 . Memory (MB): peak = 1238.734 ; gain = 0.000

Phase 3.7 Pipeline Register Optimization
Phase 3.7 Pipeline Register Optimization | Checksum: 1bf1d8aeb

Time (s): cpu = 00:00:02 ; elapsed = 00:00:03 . Memory (MB): peak = 1238.734 ; gain = 0.000
Phase 3 Detail Placement | Checksum: 1bf1d8aeb

Time (s): cpu = 00:00:02 ; elapsed = 00:00:03 . Memory (MB): peak = 1238.734 ; gain = 0.000

Phase 4 Post Placement Optimization and Clean-Up

Phase 4.1 Post Commit Optimization
Phase 4.1 Post Commit Optimization | Checksum: 1bf1d8aeb

Time (s): cpu = 00:00:02 ; elapsed = 00:00:03 . Memory (MB): peak = 1238.734 ; gain = 0.000

Phase 4.2 Post Placement Cleanup
Phase 4.2 Post Placement Cleanup | Checksum: 1bf1d8aeb

Time (s): cpu = 00:00:02 ; elapsed = 00:00:03 . Memory (MB): peak = 1238.734 ; gain = 0.000

Phase 4.3 Placer Reporting
Phase 4.3 Placer Reporting | Checksum: 1bf1d8aeb

Time (s): cpu = 00:00:02 ; elapsed = 00:00:03 . Memory (MB): peak = 1238.734 ; gain = 0.000

Phase 4.4 Final Placement Cleanup
Phase 4.4 Final Placement Cleanup | Checksum: 24f4a8ee2

Time (s): cpu = 00:00:02 ; elapsed = 00:00:03 . Memory (MB): peak = 1238.734 ; gain = 0.000
Phase 4 Post Placement Optimization and Clean-Up | Checksum: 24f4a8ee2

Time (s): cpu = 00:00:02 ; elapsed = 00:00:03 . Memory (MB): peak = 1238.734 ; gain = 0.000
Ending Placer Task | Checksum: 1563bf750

Time (s): cpu = 00:00:02 ; elapsed = 00:00:03 . Memory (MB): peak = 1238.734 ; gain = 0.000
INFO: [Common 17-83] Releasing license: Implementation
39 Infos, 1 Warnings, 1 Critical Warnings and 0 Errors encountered.
place_design completed successfully
INFO: [Timing 38-480] Writing timing data to binary archive.
Writing placer database...
Writing XDEF routing.
Writing XDEF routing logical nets.
Writing XDEF routing special nets.
Write XDEF Complete: Time (s): cpu = 00:00:00 ; elapsed = 00:00:00.122 . Memory (MB): peak = 1238.734 ; gain = 0.000
INFO: [Common 17-1381] The checkpoint 'D:/Major_Project/zynet_Projects_Advanced/Zedboard_OLED_2018/vivado_proj/Zedboard-OLED.runs/impl_1/top_placed.dcp' has been generated.
INFO: [runtcl-4] Executing : report_io -file top_io_placed.rpt
report_io: Time (s): cpu = 00:00:00 ; elapsed = 00:00:00.052 . Memory (MB): peak = 1238.734 ; gain = 0.000
INFO: [runtcl-4] Executing : report_utilization -file top_utilization_placed.rpt -pb top_utilization_placed.pb
report_utilization: Time (s): cpu = 00:00:00 ; elapsed = 00:00:00.039 . Memory (MB): peak = 1238.734 ; gain = 0.000
INFO: [runtcl-4] Executing : report_control_sets -verbose -file top_control_sets_placed.rpt
report_control_sets: Time (s): cpu = 00:00:00 ; elapsed = 00:00:00.003 . Memory (MB): peak = 1238.734 ; gain = 0.000
Command: route_design -directive RuntimeOptimized
Attempting to get a license for feature 'Implementation' and/or device 'xc7z020'
INFO: [Common 17-349] Got license for feature 'Implementation' and/or device 'xc7z020'
Running DRC as a precondition to command route_design
INFO: [DRC 23-27] Running DRC with 2 threads
INFO: [Vivado_Tcl 4-198] DRC finished with 0 Errors
INFO: [Vivado_Tcl 4-199] Please refer to the DRC report (report_drc) for more information.


Starting Routing Task
INFO: [Route 35-270] Using Router directive 'RuntimeOptimized'.
INFO: [Route 35-254] Multithreading enabled for route_design using a maximum of 2 CPUs
Checksum: PlaceDB: 7e3c57d3 ConstDB: 0 ShapeSum: d7ff9f7d RouteDB: 0

Phase 1 Build RT Design
Phase 1 Build RT Design | Checksum: 139046872

Time (s): cpu = 00:00:13 ; elapsed = 00:00:24 . Memory (MB): peak = 1373.723 ; gain = 134.988
Post Restoration Checksum: NetGraph: e0424d2e NumContArr: 58c21b44 Constraints: 0 Timing: 0

Phase 2 Router Initialization
INFO: [Route 35-64] No timing constraints were detected. The router will operate in resource-optimization mode.

Phase 2.1 Fix Topology Constraints
Phase 2.1 Fix Topology Constraints | Checksum: 139046872

Time (s): cpu = 00:00:13 ; elapsed = 00:00:25 . Memory (MB): peak = 1379.445 ; gain = 140.711

Phase 2.2 Pre Route Cleanup
Phase 2.2 Pre Route Cleanup | Checksum: 139046872

Time (s): cpu = 00:00:13 ; elapsed = 00:00:25 . Memory (MB): peak = 1379.445 ; gain = 140.711
 Number of Nodes with overlaps = 0
Phase 2 Router Initialization | Checksum: 12a769619

Time (s): cpu = 00:00:14 ; elapsed = 00:00:25 . Memory (MB): peak = 1389.504 ; gain = 150.770

Phase 3 Initial Routing
Phase 3 Initial Routing | Checksum: c09371cd

Time (s): cpu = 00:00:14 ; elapsed = 00:00:25 . Memory (MB): peak = 1389.504 ; gain = 150.770

Phase 4 Rip-up And Reroute

Phase 4.1 Global Iteration 0
 Number of Nodes with overlaps = 41
 Number of Nodes with overlaps = 0
Phase 4.1 Global Iteration 0 | Checksum: dd3cd9aa

Time (s): cpu = 00:00:14 ; elapsed = 00:00:25 . Memory (MB): peak = 1389.504 ; gain = 150.770
Phase 4 Rip-up And Reroute | Checksum: dd3cd9aa

Time (s): cpu = 00:00:14 ; elapsed = 00:00:25 . Memory (MB): peak = 1389.504 ; gain = 150.770

Phase 5 Delay and Skew Optimization
Phase 5 Delay and Skew Optimization | Checksum: dd3cd9aa

Time (s): cpu = 00:00:14 ; elapsed = 00:00:25 . Memory (MB): peak = 1389.504 ; gain = 150.770

Phase 6 Post Hold Fix

Phase 6.1 Hold Fix Iter
Phase 6.1 Hold Fix Iter | Checksum: dd3cd9aa

Time (s): cpu = 00:00:14 ; elapsed = 00:00:25 . Memory (MB): peak = 1389.504 ; gain = 150.770
Phase 6 Post Hold Fix | Checksum: dd3cd9aa

Time (s): cpu = 00:00:14 ; elapsed = 00:00:25 . Memory (MB): peak = 1389.504 ; gain = 150.770

Phase 7 Route finalize

Router Utilization Summary
  Global Vertical Routing Utilization    = 0.0423009 %
  Global Horizontal Routing Utilization  = 0.076403 %
  Routable Net Status*
  *Does not include unroutable nets such as driverless and loadless.
  Run report_route_status for detailed report.
  Number of Failed Nets               = 0
  Number of Unrouted Nets             = 0
  Number of Partially Routed Nets     = 0
  Number of Node Overlaps             = 0

Congestion Report
North Dir 1x1 Area, Max Cong = 18.018%, No Congested Regions.
South Dir 1x1 Area, Max Cong = 18.018%, No Congested Regions.
East Dir 1x1 Area, Max Cong = 16.1765%, No Congested Regions.
West Dir 1x1 Area, Max Cong = 25%, No Congested Regions.

------------------------------
Reporting congestion hotspots
------------------------------
Direction: North
----------------
Congested clusters found at Level 0
Effective congestion level: 0 Aspect Ratio: 1 Sparse Ratio: 0
Direction: South
----------------
Congested clusters found at Level 0
Effective congestion level: 0 Aspect Ratio: 1 Sparse Ratio: 0
Direction: East
----------------
Congested clusters found at Level 0
Effective congestion level: 0 Aspect Ratio: 1 Sparse Ratio: 0
Direction: West
----------------
Congested clusters found at Level 0
Effective congestion level: 0 Aspect Ratio: 1 Sparse Ratio: 0

Phase 7 Route finalize | Checksum: dd3cd9aa

Time (s): cpu = 00:00:14 ; elapsed = 00:00:25 . Memory (MB): peak = 1389.504 ; gain = 150.770

Phase 8 Verifying routed nets

 Verification completed successfully
Phase 8 Verifying routed nets | Checksum: dd3cd9aa

Time (s): cpu = 00:00:14 ; elapsed = 00:00:25 . Memory (MB): peak = 1389.504 ; gain = 150.770

Phase 9 Depositing Routes
Phase 9 Depositing Routes | Checksum: 138c605e5

Time (s): cpu = 00:00:14 ; elapsed = 00:00:25 . Memory (MB): peak = 1389.504 ; gain = 150.770
INFO: [Route 35-16] Router Completed Successfully

Time (s): cpu = 00:00:14 ; elapsed = 00:00:25 . Memory (MB): peak = 1389.504 ; gain = 150.770

Routing Is Done.
INFO: [Common 17-83] Releasing license: Implementation
53 Infos, 1 Warnings, 1 Critical Warnings and 0 Errors encountered.
route_design completed successfully
route_design: Time (s): cpu = 00:00:15 ; elapsed = 00:00:26 . Memory (MB): peak = 1389.504 ; gain = 150.770
INFO: [Timing 38-480] Writing timing data to binary archive.
Writing placer database...
Writing XDEF routing.
Writing XDEF routing logical nets.
Writing XDEF routing special nets.
Write XDEF Complete: Time (s): cpu = 00:00:00 ; elapsed = 00:00:00.099 . Memory (MB): peak = 1389.504 ; gain = 0.000
INFO: [Common 17-1381] The checkpoint 'D:/Major_Project/zynet_Projects_Advanced/Zedboard_OLED_2018/vivado_proj/Zedboard-OLED.runs/impl_1/top_routed.dcp' has been generated.
INFO: [runtcl-4] Executing : report_drc -file top_drc_routed.rpt -pb top_drc_routed.pb -rpx top_drc_routed.rpx
Command: report_drc -file top_drc_routed.rpt -pb top_drc_routed.pb -rpx top_drc_routed.rpx
INFO: [DRC 23-27] Running DRC with 2 threads
INFO: [Coretcl 2-168] The results of DRC are in file D:/Major_Project/zynet_Projects_Advanced/Zedboard_OLED_2018/vivado_proj/Zedboard-OLED.runs/impl_1/top_drc_routed.rpt.
report_drc completed successfully
INFO: [runtcl-4] Executing : report_methodology -file top_methodology_drc_routed.rpt -pb top_methodology_drc_routed.pb -rpx top_methodology_drc_routed.rpx
Command: report_methodology -file top_methodology_drc_routed.rpt -pb top_methodology_drc_routed.pb -rpx top_methodology_drc_routed.rpx
INFO: [Timing 38-35] Done setting XDC timing constraints.
INFO: [Timing 38-35] Done setting XDC timing constraints.
INFO: [DRC 23-133] Running Methodology with 2 threads
INFO: [Coretcl 2-1520] The results of Report Methodology are in file D:/Major_Project/zynet_Projects_Advanced/Zedboard_OLED_2018/vivado_proj/Zedboard-OLED.runs/impl_1/top_methodology_drc_routed.rpt.
report_methodology completed successfully
INFO: [runtcl-4] Executing : report_power -file top_power_routed.rpt -pb top_power_summary_routed.pb -rpx top_power_routed.rpx
Command: report_power -file top_power_routed.rpt -pb top_power_summary_routed.pb -rpx top_power_routed.rpx
WARNING: [Power 33-232] No user defined clocks were found in the design!
Resolution: Please specify clocks using create_clock/create_generated_clock for sequential elements. For pure combinatorial circuits, please specify a virtual clock, otherwise the vectorless estimation might be inaccurate
INFO: [Timing 38-35] Done setting XDC timing constraints.
Running Vector-less Activity Propagation...

Finished Running Vector-less Activity Propagation
65 Infos, 2 Warnings, 1 Critical Warnings and 0 Errors encountered.
report_power completed successfully
INFO: [runtcl-4] Executing : report_route_status -file top_route_status.rpt -pb top_route_status.pb
INFO: [runtcl-4] Executing : report_timing_summary -max_paths 10 -file top_timing_summary_routed.rpt -pb top_timing_summary_routed.pb -rpx top_timing_summary_routed.rpx -warn_on_violation 
INFO: [Timing 38-91] UpdateTimingParams: Speed grade: -1, Delay Type: min_max, Timing Stage: Requireds.
INFO: [Timing 38-191] Multithreading enabled for timing update using a maximum of 2 CPUs
WARNING: [Timing 38-313] There are no user specified timing constraints. Timing constraints are needed for proper timing analysis.
INFO: [runtcl-4] Executing : report_incremental_reuse -file top_incremental_reuse_routed.rpt
INFO: [Vivado_Tcl 4-545] No incremental reuse to report, no incremental placement and routing data was found.
INFO: [runtcl-4] Executing : report_clock_utilization -file top_clock_utilization_routed.rpt
INFO: [runtcl-4] Executing : report_bus_skew -warn_on_violation -file top_bus_skew_routed.rpt -pb top_bus_skew_routed.pb -rpx top_bus_skew_routed.rpx
INFO: [Timing 38-91] UpdateTimingParams: Speed grade: -1, Delay Type: min_max, Timing Stage: Requireds.
INFO: [Timing 38-191] Multithreading enabled for timing update using a maximum of 2 CPUs
Command: write_bitstream -force top.bit
Attempting to get a license for feature 'Implementation' and/or device 'xc7z020'
INFO: [Common 17-349] Got license for feature 'Implementation' and/or device 'xc7z020'
Running DRC as a precondition to command write_bitstream
INFO: [DRC 23-27] Running DRC with 2 threads
WARNING: [DRC ZPS7-1] PS7 block required: The PS7 cell must be used in this Zynq design in order to enable correct default configuration.
INFO: [Vivado 12-3199] DRC finished with 0 Errors, 1 Warnings
INFO: [Vivado 12-3200] Please refer to the DRC report (report_drc) for more information.
INFO: [Designutils 20-2272] Running write_bitstream with 2 threads.
Loading data files...
Loading site data...
Loading route data...
Processing options...
Creating bitmap...
Creating bitstream...
Writing bitstream ./top.bit...
INFO: [Vivado 12-1842] Bitgen Completed Successfully.
INFO: [Project 1-120] WebTalk data collection is mandatory when using a WebPACK part without a full Vivado license. To see the specific WebTalk data collected for your design, open the usage_statistics_webtalk.html or usage_statistics_webtalk.xml file in the implementation directory.
INFO: [Common 17-83] Releasing license: Implementation
83 Infos, 4 Warnings, 1 Critical Warnings and 0 Errors encountered.
write_bitstream completed successfully
write_bitstream: Time (s): cpu = 00:00:08 ; elapsed = 00:00:13 . Memory (MB): peak = 1840.434 ; gain = 420.508
INFO: [Common 17-206] Exiting Vivado at Tue Apr 16 17:11:44 2024...
