#-----------------------------------------------------------
# Vivado v2018.2 (64-bit)
# SW Build 2258646 on Thu Jun 14 20:03:12 MDT 2018
# IP Build 2256618 on Thu Jun 14 22:10:49 MDT 2018
# Start of session at: Tue Apr 16 00:25:50 2024
# Process ID: 20032
# Current directory: C:/Users/sampa/OneDrive/Desktop/Zedboard-OLED-2018.2-1/vivado_proj
# Command line: vivado.exe -gui_launcher_event rodinguilauncherevent20008 C:\Users\sampa\OneDrive\Desktop\Zedboard-OLED-2018.2-1\vivado_proj\Zedboard-OLED.xpr
# Log file: C:/Users/sampa/OneDrive/Desktop/Zedboard-OLED-2018.2-1/vivado_proj/vivado.log
# Journal file: C:/Users/sampa/OneDrive/Desktop/Zedboard-OLED-2018.2-1/vivado_proj\vivado.jou
#-----------------------------------------------------------
start_gui
open_project C:/Users/sampa/OneDrive/Desktop/Zedboard-OLED-2018.2-1/vivado_proj/Zedboard-OLED.xpr
INFO: [Project 1-313] Project file moved from 'D:/Github/Feb19/Zedboard-OLED/proj/temp/PrjAr/_X_' since last save.
Scanning sources...
Finished scanning sources
WARNING: [filemgmt 56-2] IP Repository Path: Could not find the directory 'C:/Users/sampa/repo', nor could it be found using path 'D:/Github/Feb19/Zedboard-OLED/repo'.
WARNING: [filemgmt 56-2] IPUserFilesDir: Could not find the directory 'C:/Users/sampa/OneDrive/Desktop/Zedboard-OLED-2018.2-1/vivado_proj/Zedboard-OLED.ip_user_files', nor could it be found using path 'D:/Github/Feb19/Zedboard-OLED/proj/temp/PrjAr/_X_/Zedboard-OLED.ip_user_files'.
INFO: [IP_Flow 19-234] Refreshing IP repositories
WARNING: [IP_Flow 19-2248] Failed to load user IP repository 'c:/Users/sampa/repo'; Can't find the specified path.
If this directory should no longer be in your list of user repositories, go to the IP Settings dialog and remove it.
INFO: [IP_Flow 19-2313] Loaded Vivado IP repository 'C:/Xilinx/Vivado/2018.2/data/ip'.
open_project: Time (s): cpu = 00:00:07 ; elapsed = 00:00:07 . Memory (MB): peak = 940.051 ; gain = 174.969
update_compile_order -fileset sources_1
reset_run synth_1
launch_runs impl_1 -to_step write_bitstream -jobs 8
INFO: [IP_Flow 19-1686] Generating 'Synthesis' target for IP 'init_sequence_rom'...
INFO: [IP_Flow 19-1686] Generating 'Synthesis' target for IP 'charLib'...
[Tue Apr 16 00:26:22 2024] Launched synth_1...
Run output will be captured here: C:/Users/sampa/OneDrive/Desktop/Zedboard-OLED-2018.2-1/vivado_proj/Zedboard-OLED.runs/synth_1/runme.log
[Tue Apr 16 00:26:22 2024] Launched impl_1...
Run output will be captured here: C:/Users/sampa/OneDrive/Desktop/Zedboard-OLED-2018.2-1/vivado_proj/Zedboard-OLED.runs/impl_1/runme.log
open_hw
connect_hw_server
INFO: [Labtools 27-2285] Connecting to hw_server url TCP:localhost:3121
INFO: [Labtools 27-2222] Launching hw_server...
INFO: [Labtools 27-2221] Launch Output:

****** Xilinx hw_server v2018.2
  **** Build date : Jun 14 2018-20:42:52
    ** Copyright 1986-2018 Xilinx, Inc. All Rights Reserved.


open_hw_target
INFO: [Labtoolstcl 44-466] Opening hw_target localhost:3121/xilinx_tcf/Digilent/210248AC8AA6
set_property PROGRAM.FILE {C:/Users/sampa/OneDrive/Desktop/Zedboard-OLED-2018.2-1/vivado_proj/Zedboard-OLED.runs/impl_1/top.bit} [get_hw_devices xc7z020_1]
current_hw_device [get_hw_devices xc7z020_1]
refresh_hw_device -update_hw_probes false [lindex [get_hw_devices xc7z020_1] 0]
INFO: [Labtools 27-1435] Device xc7z020 (JTAG device index = 1) is not programmed (DONE status = 0).
set_property PROBES.FILE {} [get_hw_devices xc7z020_1]
set_property FULL_PROBES.FILE {} [get_hw_devices xc7z020_1]
set_property PROGRAM.FILE {C:/Users/sampa/OneDrive/Desktop/Zedboard-OLED-2018.2-1/vivado_proj/Zedboard-OLED.runs/impl_1/top.bit} [get_hw_devices xc7z020_1]
program_hw_devices [get_hw_devices xc7z020_1]
INFO: [Labtools 27-3164] End of startup status: HIGH
refresh_hw_device [lindex [get_hw_devices xc7z020_1] 0]
INFO: [Labtools 27-1434] Device xc7z020 (JTAG device index = 1) is programmed with a design that has no supported debug core(s) in it.
WARNING: [Labtools 27-3361] The debug hub core was not detected.
Resolution: 
1. Make sure the clock connected to the debug hub (dbg_hub) core is a free running clock and is active.
2. Make sure the BSCAN_SWITCH_USER_MASK device property in Vivado Hardware Manager reflects the user scan chain setting in the design and refresh the device.  To determine the user scan chain setting in the design, open the implemented design and use 'get_property C_USER_SCAN_CHAIN [get_debug_cores dbg_hub]'.
For more details on setting the scan chain property, consult the Vivado Debug and Programming User Guide (UG908).
WARNING: [Labtoolstcl 44-129] No matching hw_ila_data was found.
exit
INFO: [Common 17-206] Exiting Vivado at Tue Apr 16 00:34:58 2024...
